#
# A fatal error has been detected by the Java Runtime Environment:
#
#  EXCEPTION_ACCESS_VIOLATION (0xc0000005) at pc=0x55c06863, pid=11480, tid=0x00002dcc
#
# JRE version: Java(TM) SE Runtime Environment (8.0_92-b14) (build 1.8.0_92-b14)
# Java VM: Java HotSpot(TM) Client VM (25.92-b14 mixed mode windows-x86 )
# Problematic frame:
# V  [jvm.dll+0x116863]
#
# Failed to write core dump. Minidumps are not enabled by default on client versions of Windows
#
# If you would like to submit a bug report, please visit:
#   http://bugreport.java.com/bugreport/crash.jsp
#

---------------  T H R E A D  ---------------

Current thread (0x00ae6c00):  JavaThread "JDWP Transport Listener: dt_socket" daemon [_thread_in_vm, id=11724, stack(0x25230000,0x25280000)]

siginfo: ExceptionCode=0xc0000005, writing address 0x93438330

Registers:
EAX=0x00b77398, EBX=0x00000005, ECX=0x00b781b0, EDX=0x24a30060
ESP=0x2527f6d4, EBP=0x2527f700, ESI=0x00000005, EDI=0x24a30430
EIP=0x55c06863, EFLAGS=0x00010206

Top of Stack: (sp=0x2527f6d4)
0x2527f6d4:   009f7d88 0487cd20 00ae6c00 00ae6c00
0x2527f6e4:   00ae5088 00adad00 00adad08 00adadf4
0x2527f6f4:   000000ec 2527f960 24a30060 2527f734
0x2527f704:   55d1616e 00b781b0 2527f75c 2527f758
0x2527f714:   2527f7bc 00000000 00ae386c 00ae6c00
0x2527f724:   00000000 00000000 00000000 00ae6c00
0x2527f734:   2527f760 6479449d 009f7d88 00ae386c
0x2527f744:   2527f75c 2527f758 2527f77c 2527f7b8 

Instructions: (pc=0x55c06863)
0x55c06843:   00 00 00 8b 8f e4 00 00 00 8b 44 b2 04 8b 4c b1
0x55c06853:   04 89 45 fc e8 44 28 f5 ff 8b 4d 08 8b 55 fc 46
0x55c06863:   89 04 91 3b f3 7c d6 eb 1e 85 db 7e 1a 8b 87 e4
0x55c06873:   00 00 00 8b 4c b0 04 e8 21 28 f5 ff 8b 4d 08 89 


Register to memory mapping:

EAX=0x00b77398 is an unknown value
EBX=0x00000005 is an unknown value
ECX=0x00b781b0 is an unknown value
EDX=0x24a30060 is pointing into metadata
ESP=0x2527f6d4 is pointing into the stack for thread: 0x00ae6c00
EBP=0x2527f700 is pointing into the stack for thread: 0x00ae6c00
ESI=0x00000005 is an unknown value
EDI=0x24a30430 is pointing into metadata


Stack: [0x25230000,0x25280000],  sp=0x2527f6d4,  free space=317k
Native frames: (J=compiled Java code, j=interpreted, Vv=VM code, C=native code)
V  [jvm.dll+0x116863]
V  [jvm.dll+0x22616e]
C  [jdwp.dll+0x449d]
C  [jdwp.dll+0x451e]
C  0x65537926


---------------  P R O C E S S  ---------------

Java Threads: ( => current thread )
  0x00b11c00 JavaThread "Service Thread" daemon [_thread_blocked, id=23164, stack(0x25470000,0x254c0000)]
  0x00af4000 JavaThread "C1 CompilerThread0" daemon [_thread_blocked, id=19848, stack(0x253e0000,0x25430000)]
  0x00aed400 JavaThread "JDWP Command Reader" daemon [_thread_in_native, id=20828, stack(0x25350000,0x253a0000)]
  0x00ae8000 JavaThread "JDWP Event Helper Thread" daemon [_thread_blocked, id=17664, stack(0x252c0000,0x25310000)]
=>0x00ae6c00 JavaThread "JDWP Transport Listener: dt_socket" daemon [_thread_in_vm, id=11724, stack(0x25230000,0x25280000)]
  0x00ad6000 JavaThread "Attach Listener" daemon [_thread_blocked, id=23964, stack(0x24e60000,0x24eb0000)]
  0x00adf400 JavaThread "Signal Dispatcher" daemon [_thread_blocked, id=12872, stack(0x24dd0000,0x24e20000)]
  0x00acb800 JavaThread "Finalizer" daemon [_thread_blocked, id=19568, stack(0x24d40000,0x24d90000)]
  0x00ac5800 JavaThread "Reference Handler" daemon [_thread_blocked, id=940, stack(0x24cb0000,0x24d00000)]
  0x009fdc00 JavaThread "main" [_thread_blocked, id=12868, stack(0x02730000,0x02780000)]

Other Threads:
  0x007ce800 VMThread [stack: 0x24c60000,0x24cb0000] [id=13444]
  0x00b1c400 WatcherThread [stack: 0x25500000,0x25550000] [id=20416]

VM state:not at safepoint (normal execution)

VM Mutex/Monitor currently owned by a thread: None

Heap:
 def new generation   total 4928K, used 530K [0x04800000, 0x04d50000, 0x0f2a0000)
  eden space 4416K,  12% used [0x04800000, 0x048849b8, 0x04c50000)
  from space 512K,   0% used [0x04c50000, 0x04c50000, 0x04cd0000)
  to   space 512K,   0% used [0x04cd0000, 0x04cd0000, 0x04d50000)
 tenured generation   total 10944K, used 0K [0x0f2a0000, 0x0fd50000, 0x24800000)
   the space 10944K,   0% used [0x0f2a0000, 0x0f2a0000, 0x0f2a0200, 0x0fd50000)
 Metaspace       used 1643K, capacity 2248K, committed 2368K, reserved 4480K

Card table byte_map: [0x00890000,0x009a0000] byte_map_base: 0x0086c000

Polling page: 0x00290000

CodeCache: size=32768Kb used=664Kb max_used=664Kb free=32103Kb
 bounds [0x02780000, 0x02828000, 0x04780000]
 total_blobs=142 nmethods=13 adapters=69
 compilation: enabled

Compilation events (10 events):
Event: 0.116 Thread 0x00af4000    9             java.lang.Character::toLowerCase (9 bytes)
Event: 0.116 Thread 0x00af4000 nmethod 9 0x028243c8 code [0x028244d0, 0x02824578]
Event: 0.116 Thread 0x00af4000   10             java.lang.CharacterDataLatin1::toLowerCase (39 bytes)
Event: 0.116 Thread 0x00af4000 nmethod 10 0x02824608 code [0x02824700, 0x028247e0]
Event: 0.116 Thread 0x00af4000   11             java.lang.String::toLowerCase (439 bytes)
Event: 0.118 Thread 0x00af4000 nmethod 11 0x028248c8 code [0x02824ad0, 0x02825320]
Event: 0.118 Thread 0x00af4000   12             java.lang.AbstractStringBuilder::ensureCapacityInternal (16 bytes)
Event: 0.118 Thread 0x00af4000 nmethod 12 0x02825e88 code [0x02825f90, 0x0282604c]
Event: 0.118 Thread 0x00af4000   13             java.lang.AbstractStringBuilder::append (29 bytes)
Event: 0.118 Thread 0x00af4000 nmethod 13 0x028260c8 code [0x028261d0, 0x028262cc]

GC Heap History (0 events):
No events

Deoptimization events (0 events):
No events

Internal exceptions (2 events):
Event: 0.026 Thread 0x009fdc00 Exception <a 'java/lang/NoSuchMethodError': Method sun.misc.Unsafe.defineClass(Ljava/lang/String;[BII)Ljava/lang/Class; name or signature does not match> (0x04806ea8) thrown at [C:\workspace\8-2-build-windows-i586-cygwin\jdk8u92\6642\hotspot\src\share\vm\p
ame•š?
Event: 0.026 Thread 0x009fdc00 Exception <a 'java/lang/NoSuchMethodError': Method sun.misc.Unsafe.prefetchRead(Ljava/lang/Object;J)V name or signature does not match> (0x04807178) thrown at [C:\workspace\8-2-build-windows-i586-cygwin\jdk8u92\6642\hotspot\src\share\vm\prims\jni.cpp, line

Events (10 events):
Event: 18.619 Executing VM operation: EnterInterpOnlyMode
Event: 18.619 Executing VM operation: EnterInterpOnlyMode done
Event: 18.619 Executing VM operation: ChangeSingleStep
Event: 18.619 Executing VM operation: ChangeSingleStep done
Event: 18.619 Executing VM operation: ChangeSingleStep
Event: 18.619 Executing VM operation: ChangeSingleStep done
Event: 18.620 loading class java/util/concurrent/ConcurrentHashMap$ForwardingNode
Event: 18.620 loading class java/util/concurrent/ConcurrentHashMap$ForwardingNode done
Event: 18.621 Executing VM operation: RedefineClasses
Event: 18.621 Executing VM operation: RedefineClasses done


Dynamic libraries:
0x01100000 - 0x01133000 	C:\Program Files (x86)\Java\jre1.8.0_92\bin\javaw.exe
0x77860000 - 0x779ee000 	C:\WINDOWS\SYSTEM32\ntdll.dll
0x77190000 - 0x77260000 	C:\WINDOWS\System32\KERNEL32.DLL
0x775a0000 - 0x77762000 	C:\WINDOWS\System32\KERNELBASE.dll
0x77110000 - 0x77187000 	C:\WINDOWS\System32\ADVAPI32.dll
0x76fa0000 - 0x7705d000 	C:\WINDOWS\System32\msvcrt.dll
0x75d80000 - 0x75dc1000 	C:\WINDOWS\System32\sechost.dll
0x76d40000 - 0x76e00000 	C:\WINDOWS\System32\RPCRT4.dll
0x74230000 - 0x74250000 	C:\WINDOWS\System32\SspiCli.dll
0x75c10000 - 0x75c1a000 	C:\WINDOWS\System32\CRYPTBASE.dll
0x75cd0000 - 0x75d27000 	C:\WINDOWS\System32\bcryptPrimitives.dll
0x769a0000 - 0x76adc000 	C:\WINDOWS\System32\USER32.dll
0x77060000 - 0x77076000 	C:\WINDOWS\System32\win32u.dll
0x77470000 - 0x77491000 	C:\WINDOWS\System32\GDI32.dll
0x74250000 - 0x743a8000 	C:\WINDOWS\System32\gdi32full.dll
0x76af0000 - 0x76b69000 	C:\WINDOWS\System32\msvcp_win.dll
0x76b70000 - 0x76c88000 	C:\WINDOWS\System32\ucrtbase.dll
0x71fe0000 - 0x721ee000 	C:\WINDOWS\WinSxS\x86_microsoft.windows.common-controls_6595b64144ccf1df_6.0.15063.483_none_6dad63fefc436da8\COMCTL32.dll
0x764b0000 - 0x766e8000 	C:\WINDOWS\System32\combase.dll
0x767e0000 - 0x76805000 	C:\WINDOWS\System32\IMM32.DLL
0x78790000 - 0x7884f000 	C:\Program Files (x86)\Java\jre1.8.0_92\bin\msvcr100.dll
0x55af0000 - 0x55ebb000 	C:\Program Files (x86)\Java\jre1.8.0_92\bin\client\jvm.dll
0x76f90000 - 0x76f96000 	C:\WINDOWS\System32\PSAPI.DLL
0x71ad0000 - 0x71af4000 	C:\WINDOWS\SYSTEM32\WINMM.dll
0x71e40000 - 0x71e48000 	C:\WINDOWS\SYSTEM32\WSOCK32.dll
0x736a0000 - 0x736a8000 	C:\WINDOWS\SYSTEM32\VERSION.dll
0x75c60000 - 0x75cc7000 	C:\WINDOWS\System32\WS2_32.dll
0x71300000 - 0x71323000 	C:\WINDOWS\SYSTEM32\winmmbase.dll
0x75c20000 - 0x75c59000 	C:\WINDOWS\System32\cfgmgr32.dll
0x64a50000 - 0x64a5c000 	C:\Program Files (x86)\Java\jre1.8.0_92\bin\verify.dll
0x64730000 - 0x64751000 	C:\Program Files (x86)\Java\jre1.8.0_92\bin\java.dll
0x64790000 - 0x647b9000 	C:\Program Files (x86)\Java\jre1.8.0_92\bin\jdwp.dll
0x64a40000 - 0x64a47000 	C:\Program Files (x86)\Java\jre1.8.0_92\bin\npt.dll
0x64710000 - 0x64723000 	C:\Program Files (x86)\Java\jre1.8.0_92\bin\zip.dll
0x747d0000 - 0x75b18000 	C:\WINDOWS\System32\SHELL32.dll
0x76910000 - 0x7699c000 	C:\WINDOWS\System32\shcore.dll
0x75f20000 - 0x764a7000 	C:\WINDOWS\System32\windows.storage.dll
0x76810000 - 0x76855000 	C:\WINDOWS\System32\shlwapi.dll
0x768f0000 - 0x768fe000 	C:\WINDOWS\System32\kernel.appcore.dll
0x75d30000 - 0x75d75000 	C:\WINDOWS\System32\powrprof.dll
0x76900000 - 0x76910000 	C:\WINDOWS\System32\profapi.dll
0x64780000 - 0x64788000 	C:\Program Files (x86)\Java\jre1.8.0_92\bin\dt_socket.dll
0x718e0000 - 0x718f1000 	C:\WINDOWS\system32\napinsp.dll
0x718c0000 - 0x718d6000 	C:\WINDOWS\system32\pnrpnsp.dll
0x718a0000 - 0x718b3000 	C:\WINDOWS\system32\NLAapi.dll
0x736d0000 - 0x7371e000 	C:\WINDOWS\System32\mswsock.dll
0x726f0000 - 0x7276f000 	C:\WINDOWS\SYSTEM32\DNSAPI.dll
0x766f0000 - 0x766f7000 	C:\WINDOWS\System32\NSI.dll
0x72280000 - 0x722af000 	C:\WINDOWS\SYSTEM32\IPHLPAPI.DLL
0x71860000 - 0x7186b000 	C:\WINDOWS\System32\winrnr.dll
0x71850000 - 0x71860000 	C:\WINDOWS\System32\wshbth.dll
0x717a0000 - 0x717ea000 	C:\WINDOWS\System32\fwpuclnt.dll
0x73670000 - 0x73688000 	C:\WINDOWS\SYSTEM32\bcrypt.dll
0x716d0000 - 0x716d8000 	C:\Windows\System32\rasadhlp.dll
0x73750000 - 0x738ad000 	C:\WINDOWS\SYSTEM32\dbghelp.dll

VM Arguments:
jvm_args: -agentlib:jdwp=transport=dt_socket,suspend=y,address=localhost:50945 -Dfile.encoding=UTF-8 -Xmx512M 
java_command: com.java.datastructure.BinarySearch
java_class_path (initial): C:\Users\ap027887\git\Corvette\corvette-drive\target\classes
Launcher Type: SUN_STANDARD

Environment Variables:
JAVA_HOME=C:\Progra~2\Java\jdk1.8.0_92
_JAVA_OPTIONS=-Xmx512M
CLASSPATH=c:\program files (x86)\ibm\websphere mq\java\lib\com.ibm.mqjms.jar;c:\program files (x86)\ibm\websphere mq\java\lib\com.ibm.mq.jar;c:\progra~1\cerner\web\avalon~1.jar;c:\progra~1\cerner\web\batik-~1.jar;c:\progra~1\cerner\web\ede2cf~1.jar;c:\progra~1\cerner\web\fop.jar;c:\progra~1\cerner\web\srx2lo~1.txt;c:\progra~1\cerner\web\subscr~1.jar;c:\progra~1\cerner\web\xalan.jar;c:\progra~1\cerner\web\lib\xerces.jar;c:\progra~1\cerner\web\lib\j2ee.jar;c:\progra~1\cerner\web\subscr~2.jar;c:\progra~1\cerner\web\\ede2cf~1.jar;c:\progra~1\cerner\web\\xalan.jar;c:\progra~1\cerner\web\lib\\xerces.jar
PATH=C:/Program Files (x86)/Java/jre1.8.0_92/bin/client;C:/Program Files (x86)/Java/jre1.8.0_92/bin;C:/Program Files (x86)/Java/jre1.8.0_92/lib/i386;C:\maven\apache-maven-3.2.5\bin;C:\ProgramData\Oracle\Java\javapath;C:\Program Files (x86)\IBM\WebSphere MQ\Java\lib;C:\WINDOWS\system32;C:\WINDOWS;C:\WINDOWS\System32\Wbem;C:\WINDOWS\System32\WindowsPowerShell\v1.0\;C:\Program Files\SlikSvn\bin;C:\PROGRA~2\Groovy\GROOVY~1.7\bin;C:\maven\apache-maven-3.2.5\bin;C:\tools;C:\Program Files\Cerner;C:\PROGRA~1\Cerner;C:\Program Files (x86)\IBM\WebSphere MQ\bin64;C:\Program Files (x86)\IBM\WebSphere MQ\bin;C:\Program Files (x86)\IBM\WebSphere MQ\tools\c\samples\bin;C:\Program Files (x86)\Java\jdk1.8.0_92\bin;C:\ProgramData\chocolatey\bin;C:\Program Files (x86)\Graphviz2.38\bin;C:\Program Files (x86)\Brackets\command;C:\Users\ap027887\.dnx\bin;C:\Program Files\Microsoft DNX\Dnvm\;C:\Program Files\Microsoft SQL Server\130\Tools\Binn\;C:\Program Files\Git\cmd;C:\Users\ap027887\AppData\Local\Microsoft\WindowsApps;C:\WINDOWS\system32;
USERNAME=AP027887
OS=Windows_NT
PROCESSOR_IDENTIFIER=Intel64 Family 6 Model 94 Stepping 3, GenuineIntel



---------------  S Y S T E M  ---------------

OS: Windows 10.0 , 64 bit Build 15063 (10.0.15063.296)

CPU:total 8 (4 cores per cpu, 2 threads per core) family 6 model 94 stepping 3, cmov, cx8, fxsr, mmx, sse, sse2, sse3, ssse3, sse4.1, sse4.2, popcnt, avx, avx2, aes, clmul, erms, rtm, 3dnowpref, lzcnt, ht, tsc, tscinvbit, bmi1, bmi2, adx

Memory: 4k page, physical 33396060k(23019552k free), swap 38376796k(24767180k free)

vm_info: Java HotSpot(TM) Client VM (25.92-b14) for windows-x86 JRE (1.8.0_92-b14), built on Mar 31 2016 21:09:21 by "java_re" with MS VC++ 10.0 (VS2010)

time: Wed Mar 07 11:42:20 2018
elapsed time: 18 seconds (0d 0h 0m 18s)

